0 info it worked if it ends with ok
1 verbose cli [ 'C:\\Program Files\\nodejs\\node.exe',
1 verbose cli   'C:\\Program Files\\nodejs\\node_modules\\npm\\bin\\npm-cli.js',
1 verbose cli   'start' ]
2 info using npm@3.10.3
3 info using node@v6.3.0
4 verbose run-script [ 'prestart', 'start', 'poststart' ]
5 info lifecycle minoresinelmondo@1.0.0~prestart: minoresinelmondo@1.0.0
6 silly lifecycle minoresinelmondo@1.0.0~prestart: no script for prestart, continuing
7 info lifecycle minoresinelmondo@1.0.0~start: minoresinelmondo@1.0.0
8 verbose lifecycle minoresinelmondo@1.0.0~start: unsafe-perm in lifecycle true
9 verbose lifecycle minoresinelmondo@1.0.0~start: PATH: C:\Program Files\nodejs\node_modules\npm\bin\node-gyp-bin;d:\xampp\htdocs\alefal.it\PROJECTS\minoresinelmondo.it\node_modules\.bin;C:\Program Files\nodejs;C:\ProgramData\Oracle\Java\javapath;C:\Program Files (x86)\Intel\iCLS Client\;C:\Program Files\Intel\iCLS Client\;C:\Program Files (x86)\NVIDIA Corporation\PhysX\Common;C:\WINDOWS\system32;C:\WINDOWS;C:\WINDOWS\System32\Wbem;C:\WINDOWS\System32\WindowsPowerShell\v1.0\;C:\Program Files\Intel\WiFi\bin\;C:\Program Files\Common Files\Intel\WirelessCommon\;C:\Program Files\Intel\Intel(R) Management Engine Components\DAL;C:\Program Files\Intel\Intel(R) Management Engine Components\IPT;C:\Program Files (x86)\Intel\Intel(R) Management Engine Components\DAL;C:\Program Files (x86)\Intel\Intel(R) Management Engine Components\IPT;C:\Program Files (x86)\Skype\Phone\;C:\Program Files\Git\cmd;C:\Program Files\nodejs\;D:\Development\Android\sdk\tools;D:\Development\Android\sdk\platform-tools;D:\Development\apache-ant-1.9.6\bin;C:\Program Files (x86)\Microsoft VS Code\bin;C:\Users\Alessandro\AppData\Roaming\npm
10 verbose lifecycle minoresinelmondo@1.0.0~start: CWD: d:\xampp\htdocs\alefal.it\PROJECTS\minoresinelmondo.it
11 silly lifecycle minoresinelmondo@1.0.0~start: Args: [ '/d /s /c',
11 silly lifecycle   'tsc && concurrently "gulp build" "npm run tsc:w" "npm run lite" ' ]
12 silly lifecycle minoresinelmondo@1.0.0~start: Returned: code: 2  signal: null
13 info lifecycle minoresinelmondo@1.0.0~start: Failed to exec start script
14 verbose stack Error: minoresinelmondo@1.0.0 start: `tsc && concurrently "gulp build" "npm run tsc:w" "npm run lite" `
14 verbose stack Exit status 2
14 verbose stack     at EventEmitter.<anonymous> (C:\Program Files\nodejs\node_modules\npm\lib\utils\lifecycle.js:242:16)
14 verbose stack     at emitTwo (events.js:106:13)
14 verbose stack     at EventEmitter.emit (events.js:191:7)
14 verbose stack     at ChildProcess.<anonymous> (C:\Program Files\nodejs\node_modules\npm\lib\utils\spawn.js:40:14)
14 verbose stack     at emitTwo (events.js:106:13)
14 verbose stack     at ChildProcess.emit (events.js:191:7)
14 verbose stack     at maybeClose (internal/child_process.js:852:16)
14 verbose stack     at Process.ChildProcess._handle.onexit (internal/child_process.js:215:5)
15 verbose pkgid minoresinelmondo@1.0.0
16 verbose cwd d:\xampp\htdocs\alefal.it\PROJECTS\minoresinelmondo.it
17 error Windows_NT 10.0.10586
18 error argv "C:\\Program Files\\nodejs\\node.exe" "C:\\Program Files\\nodejs\\node_modules\\npm\\bin\\npm-cli.js" "start"
19 error node v6.3.0
20 error npm  v3.10.3
21 error code ELIFECYCLE
22 error minoresinelmondo@1.0.0 start: `tsc && concurrently "gulp build" "npm run tsc:w" "npm run lite" `
22 error Exit status 2
23 error Failed at the minoresinelmondo@1.0.0 start script 'tsc && concurrently "gulp build" "npm run tsc:w" "npm run lite" '.
23 error Make sure you have the latest version of node.js and npm installed.
23 error If you do, this is most likely a problem with the minoresinelmondo package,
23 error not with npm itself.
23 error Tell the author that this fails on your system:
23 error     tsc && concurrently "gulp build" "npm run tsc:w" "npm run lite"
23 error You can get information on how to open an issue for this project with:
23 error     npm bugs minoresinelmondo
23 error Or if that isn't available, you can get their info via:
23 error     npm owner ls minoresinelmondo
23 error There is likely additional logging output above.
24 verbose exit [ 1, true ]
