10-15-2016 @ 09:06:19 - Queuing 2.6.0 - wc_update_260_options
10-15-2016 @ 09:06:19 - Queuing 2.6.0 - wc_update_260_termmeta
10-15-2016 @ 09:06:19 - Queuing 2.6.0 - wc_update_260_zones
10-15-2016 @ 09:06:19 - Queuing 2.6.0 - wc_update_260_zone_methods
10-15-2016 @ 09:06:19 - Queuing 2.6.0 - wc_update_260_refunds
10-15-2016 @ 09:06:19 - Queuing 2.6.0 - wc_update_260_db_version
10-15-2016 @ 09:06:20 - Running wc_update_260_options callback
10-15-2016 @ 09:06:20 - Finished wc_update_260_options callback
10-15-2016 @ 09:06:20 - Running wc_update_260_termmeta callback
10-15-2016 @ 09:06:21 - Finished wc_update_260_termmeta callback
10-15-2016 @ 09:06:21 - Running wc_update_260_zones callback
10-15-2016 @ 09:06:21 - Finished wc_update_260_zones callback
10-15-2016 @ 09:06:21 - Running wc_update_260_zone_methods callback
10-15-2016 @ 09:06:21 - Finished wc_update_260_zone_methods callback
10-15-2016 @ 09:06:21 - Running wc_update_260_refunds callback
10-15-2016 @ 09:06:21 - Finished wc_update_260_refunds callback
10-15-2016 @ 09:06:21 - Running wc_update_260_db_version callback
10-15-2016 @ 09:06:21 - Finished wc_update_260_db_version callback
10-15-2016 @ 09:06:21 - Data update complete
2017-04-14T16:08:06+00:00 INFO Queuing 3.0.0 - wc_update_300_webhooks
2017-04-14T16:08:06+00:00 INFO Queuing 3.0.0 - wc_update_300_grouped_products
2017-04-14T16:08:06+00:00 INFO Queuing 3.0.0 - wc_update_300_settings
2017-04-14T16:08:06+00:00 INFO Queuing 3.0.0 - wc_update_300_product_visibility
2017-04-14T16:08:06+00:00 INFO Queuing 3.0.0 - wc_update_300_db_version
2017-04-14T16:08:07+00:00 INFO Running wc_update_300_webhooks callback
2017-04-14T16:08:07+00:00 INFO Finished wc_update_300_webhooks callback
2017-04-14T16:08:07+00:00 INFO Running wc_update_300_grouped_products callback
2017-04-14T16:08:07+00:00 INFO Finished wc_update_300_grouped_products callback
2017-04-14T16:08:07+00:00 INFO Running wc_update_300_settings callback
2017-04-14T16:08:07+00:00 INFO Finished wc_update_300_settings callback
2017-04-14T16:08:07+00:00 INFO Running wc_update_300_product_visibility callback
2017-04-14T16:08:07+00:00 INFO Finished wc_update_300_product_visibility callback
2017-04-14T16:08:07+00:00 INFO Running wc_update_300_db_version callback
2017-04-14T16:08:07+00:00 INFO Finished wc_update_300_db_version callback
2017-04-14T16:08:07+00:00 INFO Data update complete
2017-04-24T17:41:48+00:00 INFO Queuing 3.0.0 - wc_update_300_webhooks
2017-04-24T17:41:48+00:00 INFO Queuing 3.0.0 - wc_update_300_grouped_products
2017-04-24T17:41:48+00:00 INFO Queuing 3.0.0 - wc_update_300_settings
2017-04-24T17:41:48+00:00 INFO Queuing 3.0.0 - wc_update_300_product_visibility
2017-04-24T17:41:48+00:00 INFO Queuing 3.0.0 - wc_update_300_db_version
2017-04-24T17:41:48+00:00 INFO Running wc_update_300_webhooks callback
2017-04-24T17:41:48+00:00 INFO Finished wc_update_300_webhooks callback
2017-04-24T17:41:48+00:00 INFO Running wc_update_300_grouped_products callback
2017-04-24T17:41:48+00:00 INFO Finished wc_update_300_grouped_products callback
2017-04-24T17:41:48+00:00 INFO Running wc_update_300_settings callback
2017-04-24T17:41:48+00:00 INFO Finished wc_update_300_settings callback
2017-04-24T17:41:48+00:00 INFO Running wc_update_300_product_visibility callback
2017-04-24T17:41:48+00:00 INFO Finished wc_update_300_product_visibility callback
2017-04-24T17:41:48+00:00 INFO Running wc_update_300_db_version callback
2017-04-24T17:41:49+00:00 INFO Finished wc_update_300_db_version callback
2017-04-24T17:41:49+00:00 INFO Data update complete
